<?xml version="1.0" encoding="UTF-8"?>
<!-- Generated by org.testng.reporters.JUnitReportReporter -->
<testsuite hostname="XIN009OLAB36194" name="jen.LearningTest" tests="1" failures="0" timestamp="13 Jun 2016 12:20:07 GMT" time="6.791" errors="0">
  <testcase name="testEasy" time="6.791" classname="jen.LearningTest"/>
</testsuite> <!-- jen.LearningTest -->
