<?xml version="1.0" encoding="UTF-8"?>
<!-- Generated by org.testng.reporters.JUnitReportReporter -->
<testsuite hostname="XIN009OLAB36194" name="LearningTest" tests="1" failures="0" timestamp="13 Jun 2016 12:18:00 GMT" time="6.411" errors="0">
  <testcase name="testEasy" time="6.411" classname="LearningTest"/>
</testsuite> <!-- LearningTest -->
