<?xml version="1.0" encoding="UTF-8"?>
<!-- Generated by org.testng.reporters.JUnitReportReporter -->
<testsuite hostname="XIN009OLAB36194" name="jen.LearningTest" tests="1" failures="0" timestamp="14 Jun 2016 11:09:30 GMT" time="9.080" errors="0">
  <testcase name="testEasy" time="9.080" classname="jen.LearningTest"/>
</testsuite> <!-- jen.LearningTest -->
